#
# A fatal error has been detected by the Java Runtime Environment:
#
#  EXCEPTION_ACCESS_VIOLATION (0xc0000005) at pc=0x04461a9b, pid=2156, tid=3176
#
# JRE version: 7.0_03-b05
# Java VM: Java HotSpot(TM) Client VM (22.1-b02 mixed mode, sharing windows-x86 )
# Problematic frame:
# C  [jmddraw.dll+0x1a9b]
#
# Failed to write core dump. Minidumps are not enabled by default on client versions of Windows
#
# If you would like to submit a bug report, please visit:
#   http://bugreport.sun.com/bugreport/crash.jsp
# The crash happened outside the Java Virtual Machine in native code.
# See problematic frame for where to report the bug.
#

---------------  T H R E A D  ---------------

Current thread (0x03333400):  JavaThread "Loop thread: com.sun.media.renderer.video.DDRenderer@165a43b" [_thread_in_native, id=3176, stack(0x048a0000,0x048f0000)]

siginfo: ExceptionCode=0xc0000005, writing address 0x00000000

Registers:
EAX=0x00000000, EBX=0x045a06f0, ECX=0x00000000, EDX=0x2839f750
ESP=0x048ef668, EBP=0x0db20020, ESI=0x03333528, EDI=0x00000000
EIP=0x04461a9b, EFLAGS=0x00010202

Top of Stack: (sp=0x048ef668)
0x048ef668:   03333400 325a7860 048ef7b8 325a7860
0x048ef678:   11157450 00000000 0db20020 03330fe8
0x048ef688:   00000000 2839f750 00000a00 00000004
0x048ef698:   6daa1919 00000059 03333400 0000024b
0x048ef6a8:   033335e0 003b5d58 00000000 00000000
0x048ef6b8:   00000000 00000000 00000280 000001e0
0x048ef6c8:   6dadeabb 00000a78 2839f750 0330e026
0x048ef6d8:   2839f750 03333400 048ef704 6daad219 

Instructions: (pc=0x04461a9b)
0x04461a7b:   85 c0 0f 84 31 01 00 00 83 f8 20 0f 84 28 01 00
0x04461a8b:   00 50 e8 6b 07 00 00 8b 54 24 28 8b f8 83 c4 04
0x04461a9b:   89 17 8b 43 1c 8d 54 24 24 8b 08 52 8d 54 24 38
0x04461aab:   57 52 50 ff 51 0c 57 e8 17 07 00 00 83 c4 04 c7 


Register to memory mapping:

EAX=0x00000000 is an unknown value
EBX=0x045a06f0 is an unknown value
ECX=0x00000000 is an unknown value
EDX=0x2839f750 is an oop
com.sun.media.CircularBuffer 
 - klass: 'com/sun/media/CircularBuffer'
ESP=0x048ef668 is pointing into the stack for thread: 0x03333400
EBP=0x0db20020 is an unknown value
ESI=0x03333528 is an unknown value
EDI=0x00000000 is an unknown value


Stack: [0x048a0000,0x048f0000],  sp=0x048ef668,  free space=317k
Native frames: (J=compiled Java code, j=interpreted, Vv=VM code, C=native code)
C  [jmddraw.dll+0x1a9b]  Java_com_sun_media_renderer_video_DDRenderer_dxDraw+0x1db

Java frames: (J=compiled Java code, j=interpreted, Vv=VM code)
j  com.sun.media.renderer.video.DDRenderer.dxDraw(Ljava/lang/Object;JII)Z+0
j  com.sun.media.renderer.video.DDRenderer.doProcess(Ljavax/media/Buffer;)I+217
j  com.sun.media.renderer.video.BasicVideoRenderer.process(Ljavax/media/Buffer;)I+18
j  com.sun.media.BasicRendererModule.processBuffer(Ljavax/media/Buffer;)I+357
j  com.sun.media.BasicRendererModule.scheduleBuffer(Ljavax/media/Buffer;)Z+164
j  com.sun.media.BasicRendererModule.doProcess()Z+330
j  com.sun.media.RenderThread.process()Z+4
j  com.sun.media.util.LoopThread.run()V+14
v  ~StubRoutines::call_stub

---------------  P R O C E S S  ---------------

Java Threads: ( => current thread )
  0x030c6400 JavaThread "pool-1-thread-3" [_thread_blocked, id=3328, stack(0x0e370000,0x0e3c0000)]
  0x02fdb800 JavaThread "pool-1-thread-2" [_thread_blocked, id=3324, stack(0x0e320000,0x0e370000)]
  0x02fdb400 JavaThread "pool-1-thread-1" [_thread_blocked, id=3320, stack(0x031a0000,0x031f0000)]
  0x03120400 JavaThread "TimerQueue" daemon [_thread_blocked, id=3832, stack(0x0d740000,0x0d790000)]
  0x003b6c00 JavaThread "DestroyJavaVM" [_thread_blocked, id=3084, stack(0x00880000,0x008d0000)]
=>0x03333400 JavaThread "Loop thread: com.sun.media.renderer.video.DDRenderer@165a43b" [_thread_in_native, id=3176, stack(0x048a0000,0x048f0000)]
  0x0332c800 JavaThread "Loop thread: com.sun.media.parser.RawBufferParser$FrameTrack@1e31c3e" [_thread_blocked, id=3172, stack(0x04320000,0x04370000)]
  0x03179400 JavaThread "Loop thread" [_thread_blocked, id=3140, stack(0x04550000,0x045a0000)]
  0x03166400 JavaThread "VFW TransferDataThread" [_thread_blocked, id=3148, stack(0x04500000,0x04550000)]
  0x0317c400 JavaThread "VFW VideoPollThread" [_thread_blocked, id=3136, stack(0x044b0000,0x04500000)]
  0x03140400 JavaThread "JMF thread: SendEventQueue: com.sun.media.PlaybackEngine" [_thread_blocked, id=3124, stack(0x042d0000,0x04320000)]
  0x03349800 JavaThread "JMF thread: SendEventQueue: com.sun.media.content.unknown.Handler" [_thread_blocked, id=1976, stack(0x04280000,0x042d0000)]
  0x0331b400 JavaThread "VFW Request Thread" [_thread_blocked, id=716, stack(0x03800000,0x03850000)]
  0x030f5400 JavaThread "AWT-EventQueue-0" [_thread_blocked, id=2980, stack(0x031f0000,0x03240000)]
  0x02bcc800 JavaThread "AWT-Shutdown" [_thread_blocked, id=3108, stack(0x02ea0000,0x02ef0000)]
  0x02bcb400 JavaThread "Java2D Disposer" daemon [_thread_blocked, id=1644, stack(0x02e50000,0x02ea0000)]
  0x02b76c00 JavaThread "Service Thread" daemon [_thread_blocked, id=2732, stack(0x02db0000,0x02e00000)]
  0x02b71800 JavaThread "C1 CompilerThread0" daemon [_thread_blocked, id=2272, stack(0x02d60000,0x02db0000)]
  0x02b6f800 JavaThread "Attach Listener" daemon [_thread_blocked, id=1664, stack(0x02d10000,0x02d60000)]
  0x02b6e400 JavaThread "Signal Dispatcher" daemon [_thread_blocked, id=2740, stack(0x02cc0000,0x02d10000)]
  0x02b5cc00 JavaThread "Finalizer" daemon [_thread_blocked, id=3096, stack(0x02c70000,0x02cc0000)]
  0x02b5b400 JavaThread "Reference Handler" daemon [_thread_blocked, id=3092, stack(0x02c20000,0x02c70000)]

Other Threads:
  0x02b59800 VMThread [stack: 0x02bd0000,0x02c20000] [id=3088]
  0x02b8b000 WatcherThread [stack: 0x02e00000,0x02e50000] [id=2840]

VM state:not at safepoint (normal execution)

VM Mutex/Monitor currently owned by a thread: None

Heap
 def new generation   total 7872K, used 915K [0x22960000, 0x231e0000, 0x27cb0000)
  eden space 7040K,   1% used [0x22960000, 0x2297f280, 0x23040000)
  from space 832K,  95% used [0x23110000, 0x231d59a8, 0x231e0000)
  to   space 832K,   0% used [0x23040000, 0x23040000, 0x23110000)
 tenured generation   total 17272K, used 15318K [0x27cb0000, 0x28d8e000, 0x32360000)
   the space 17272K,  88% used [0x27cb0000, 0x28ba5a78, 0x28ba5c00, 0x28d8e000)
 compacting perm gen  total 12288K, used 2945K [0x32360000, 0x32f60000, 0x36360000)
   the space 12288K,  23% used [0x32360000, 0x32640600, 0x32640600, 0x32f60000)
    ro space 10240K,  45% used [0x36360000, 0x367e2e40, 0x367e3000, 0x36d60000)
    rw space 12288K,  54% used [0x36d60000, 0x373e67b8, 0x373e6800, 0x37960000)

Code Cache  [0x008f0000, 0x00a18000, 0x028f0000)
 total_blobs=629 nmethods=372 adapters=193 free_code_cache=31598Kb largest_free_block=32356224

Dynamic libraries:
0x00400000 - 0x0042e000 	C:\Program Files\Java\jdk1.7.0_03\bin\java.exe
0x7c900000 - 0x7c9b0000 	C:\WINDOWS\system32\ntdll.dll
0x7c800000 - 0x7c8f4000 	C:\WINDOWS\system32\kernel32.dll
0x77dd0000 - 0x77e6b000 	C:\WINDOWS\system32\ADVAPI32.dll
0x77e70000 - 0x77f01000 	C:\WINDOWS\system32\RPCRT4.dll
0x77d40000 - 0x77dd0000 	C:\WINDOWS\system32\USER32.dll
0x77f10000 - 0x77f57000 	C:\WINDOWS\system32\GDI32.dll
0x773d0000 - 0x774d3000 	C:\WINDOWS\WinSxS\x86_Microsoft.Windows.Common-Controls_6595b64144ccf1df_6.0.2600.2649_x-ww_aac16c8b\COMCTL32.dll
0x77c10000 - 0x77c68000 	C:\WINDOWS\system32\msvcrt.dll
0x77f60000 - 0x77fd6000 	C:\WINDOWS\system32\SHLWAPI.dll
0x78aa0000 - 0x78b5e000 	C:\Program Files\Java\jdk1.7.0_03\jre\bin\msvcr100.dll
0x6d970000 - 0x6dc98000 	C:\Program Files\Java\jdk1.7.0_03\jre\bin\client\jvm.dll
0x71ad0000 - 0x71ad9000 	C:\WINDOWS\system32\WSOCK32.dll
0x71ab0000 - 0x71ac7000 	C:\WINDOWS\system32\WS2_32.dll
0x71aa0000 - 0x71aa8000 	C:\WINDOWS\system32\WS2HELP.dll
0x76b40000 - 0x76b6d000 	C:\WINDOWS\system32\WINMM.dll
0x76bf0000 - 0x76bfb000 	C:\WINDOWS\system32\PSAPI.DLL
0x6d900000 - 0x6d90c000 	C:\Program Files\Java\jdk1.7.0_03\jre\bin\verify.dll
0x6d400000 - 0x6d420000 	C:\Program Files\Java\jdk1.7.0_03\jre\bin\java.dll
0x6d950000 - 0x6d963000 	C:\Program Files\Java\jdk1.7.0_03\jre\bin\zip.dll
0x6d110000 - 0x6d252000 	C:\Program Files\Java\jdk1.7.0_03\jre\bin\awt.dll
0x77120000 - 0x771ac000 	C:\WINDOWS\system32\OLEAUT32.dll
0x774e0000 - 0x7761d000 	C:\WINDOWS\system32\ole32.dll
0x5ad70000 - 0x5ada8000 	C:\WINDOWS\system32\uxtheme.dll
0x7c9c0000 - 0x7d399000 	C:\WINDOWS\system32\SHELL32.dll
0x6d350000 - 0x6d37a000 	C:\Program Files\Java\jdk1.7.0_03\jre\bin\fontmanager.dll
0x77c00000 - 0x77c08000 	C:\WINDOWS\system32\VERSION.dll
0x6d6f0000 - 0x6d704000 	C:\Program Files\Java\jdk1.7.0_03\jre\bin\net.dll
0x6d710000 - 0x6d71f000 	C:\Program Files\Java\jdk1.7.0_03\jre\bin\nio.dll
0x76390000 - 0x763ad000 	C:\WINDOWS\system32\IMM32.dll
0x6d8a0000 - 0x6d8d1000 	C:\Program Files\Java\jdk1.7.0_03\jre\bin\t2k.dll
0x76fd0000 - 0x7704f000 	C:\WINDOWS\system32\CLBCATQ.DLL
0x77050000 - 0x77115000 	C:\WINDOWS\system32\COMRes.dll
0x10000000 - 0x10015000 	C:\WINDOWS\system32\jmutil.dll
0x03850000 - 0x0385d000 	C:\WINDOWS\system32\jmvfw.dll
0x73b80000 - 0x73b92000 	C:\WINDOWS\system32\AVICAP32.dll
0x75a70000 - 0x75a91000 	C:\WINDOWS\system32\MSVFW32.dll
0x73bc0000 - 0x73bc6000 	C:\WINDOWS\system32\DCIMAN32.DLL
0x5acf0000 - 0x5ad00000 	C:\WINDOWS\system32\vfwwdm32.dll
0x73ee0000 - 0x73ee4000 	C:\WINDOWS\system32\ksuser.dll
0x75f40000 - 0x75f51000 	C:\WINDOWS\system32\devenum.dll
0x77920000 - 0x77a13000 	C:\WINDOWS\system32\setupapi.dll
0x76c30000 - 0x76c5e000 	C:\WINDOWS\system32\WINTRUST.dll
0x77a80000 - 0x77b14000 	C:\WINDOWS\system32\CRYPT32.dll
0x77b20000 - 0x77b32000 	C:\WINDOWS\system32\MSASN1.dll
0x76c90000 - 0x76cb8000 	C:\WINDOWS\system32\IMAGEHLP.dll
0x736b0000 - 0x736b7000 	C:\WINDOWS\system32\msdmo.dll
0x5e030000 - 0x5e053000 	C:\WINDOWS\system32\ksproxy.ax
0x754c0000 - 0x754ca000 	C:\WINDOWS\system32\vidcap.ax
0x76b20000 - 0x76b31000 	C:\WINDOWS\system32\ATL.DLL
0x58010000 - 0x58029000 	C:\WINDOWS\system32\kswdmcap.ax
0x73dd0000 - 0x73ece000 	C:\WINDOWS\system32\MFC42.DLL
0x757f0000 - 0x75822000 	C:\WINDOWS\system32\qcap.dll
0x74810000 - 0x7497d000 	C:\WINDOWS\system32\quartz.dll
0x580b0000 - 0x58188000 	C:\WINDOWS\system32\ir41_32.ax
0x04460000 - 0x04468000 	C:\WINDOWS\system32\jmddraw.dll
0x73760000 - 0x737a9000 	C:\WINDOWS\system32\DDRAW.dll
0x04480000 - 0x0448b000 	C:\WINDOWS\system32\jmvcm.dll
0x6d290000 - 0x6d2b4000 	C:\Program Files\Java\jdk1.7.0_03\jre\bin\dcpr.dll
0x6d430000 - 0x6d436000 	C:\Program Files\Java\jdk1.7.0_03\jre\bin\jawt.dll
0x0d620000 - 0x0d629000 	C:\WINDOWS\system32\jmfjawt.dll

VM Arguments:
jvm_args: -Dfile.encoding=UTF-8 
java_command: GUI.Hush
Launcher Type: SUN_STANDARD

Environment Variables:
CLASSPATH=.;.;C:\PROGRA~1\JMF21~1.1E\lib\sound.jar;C:\PROGRA~1\JMF21~1.1E\lib\jmf.jar;C:\PROGRA~1\JMF21~1.1E\lib;
PATH=C:\WINDOWS\system32;C:\WINDOWS;C:\WINDOWS\System32\Wbem
USERNAME=Administrator
OS=Windows_NT
PROCESSOR_IDENTIFIER=x86 Family 6 Model 23 Stepping 10, GenuineIntel



---------------  S Y S T E M  ---------------

OS: Windows XP Build 2600 Service Pack 2

CPU:total 2 (1 cores per cpu, 1 threads per core) family 6 model 23 stepping 10, cmov, cx8, fxsr, mmx, sse, sse2, sse3, ssse3, sse4.1

Memory: 4k page, physical 1023464k(394040k free), swap 2463440k(1976644k free)

vm_info: Java HotSpot(TM) Client VM (22.1-b02) for windows-x86 JRE (1.7.0_03-b05), built on Feb  3 2012 20:43:37 by "java_re" with unknown MS VC++:1600

time: Fri Apr 06 18:27:33 2012
elapsed time: 30 seconds

